#-----------------------------------------------------------
# Vivado v2020.2 (64-bit)
# SW Build 3064766 on Wed Nov 18 09:12:45 MST 2020
# IP Build 3064653 on Wed Nov 18 14:17:31 MST 2020
# Start of session at: Fri Oct 24 02:09:10 2025
# Process ID: 11664
# Current directory: C:/Users/denny/.Xilinx/Projects/d_clock
# Command line: vivado.exe -gui_launcher_event rodinguilauncherevent6624 C:\Users\denny\.Xilinx\Projects\d_clock\Lab7.xpr
# Log file: C:/Users/denny/.Xilinx/Projects/d_clock/vivado.log
# Journal file: C:/Users/denny/.Xilinx/Projects/d_clock\vivado.jou
#-----------------------------------------------------------
start_gui
open_project C:/Users/denny/.Xilinx/Projects/d_clock/Lab7.xpr
INFO: [Project 1-313] Project file moved from 'C:/Users/denny/.Xilinx/Projects/Lab7' since last save.
WARNING: [filemgmt 56-2] Default IP Output Path : Could not find the directory 'C:/Users/denny/.Xilinx/Projects/d_clock/Lab7.gen/sources_1', nor could it be found using path 'C:/Users/denny/.Xilinx/Projects/Lab7/Lab7.gen/sources_1'.
Scanning sources...
Finished scanning sources
INFO: [IP_Flow 19-234] Refreshing IP repositories
INFO: [IP_Flow 19-1704] No user IP repositories specified
INFO: [IP_Flow 19-2313] Loaded Vivado IP repository 'C:/Xilinx/Vivado/2020.2/data/ip'.
open_project: Time (s): cpu = 00:00:30 ; elapsed = 00:00:21 . Memory (MB): peak = 1076.043 ; gain = 0.000
update_compile_order -fileset sources_1
save_project_as d_clock_circuit
d_clock_circuit
exit
INFO: [Common 17-206] Exiting Vivado at Fri Oct 24 02:11:22 2025...
