#-----------------------------------------------------------
# Vivado v2020.2 (64-bit)
# SW Build 3064766 on Wed Nov 18 09:12:45 MST 2020
# IP Build 3064653 on Wed Nov 18 14:17:31 MST 2020
# Start of session at: Fri Oct 24 02:13:58 2025
# Process ID: 16036
# Current directory: C:/Users/denny/.Xilinx/Projects/d_clock
# Command line: vivado.exe -gui_launcher_event rodinguilauncherevent6740 C:\Users\denny\.Xilinx\Projects\d_clock\d_clock_circuit.xpr
# Log file: C:/Users/denny/.Xilinx/Projects/d_clock/vivado.log
# Journal file: C:/Users/denny/.Xilinx/Projects/d_clock\vivado.jou
#-----------------------------------------------------------
start_gui
open_project C:/Users/denny/.Xilinx/Projects/d_clock/d_clock_circuit.xpr
WARNING: [filemgmt 56-3] Default IP Output Path : Could not find the directory 'C:/Users/denny/.Xilinx/Projects/d_clock/d_clock_circuit.gen/sources_1'.
Scanning sources...
Finished scanning sources
INFO: [IP_Flow 19-234] Refreshing IP repositories
INFO: [IP_Flow 19-1704] No user IP repositories specified
INFO: [IP_Flow 19-2313] Loaded Vivado IP repository 'C:/Xilinx/Vivado/2020.2/data/ip'.
open_project: Time (s): cpu = 00:00:41 ; elapsed = 00:00:18 . Memory (MB): peak = 1088.938 ; gain = 0.000
update_compile_order -fileset sources_1
egit init
invalid command name "git"
write_project_tcl
ERROR: [Vivado-projutils-2] Missing value for option 'file', please type 'write_project_tcl -help' for usage info.
ERROR: [Common 17-39] 'send_msg_id' failed due to earlier errors.
exit
INFO: [Common 17-206] Exiting Vivado at Sat Oct 25 20:48:42 2025...
